<?xml version="1.0" encoding="UTF-8"?>
<!-- Generated by org.testng.reporters.JUnitReportReporter -->
<testsuite skipped="0" hostname="PBLAP802" name="core.IIBClaim" tests="1" failures="0" timestamp="18 Jan 2019 11:06:03 GMT" time="20.923" errors="0">
  <testcase name="loginIIB" time="20.923" classname="core.IIBClaim"/>
</testsuite> <!-- core.IIBClaim -->
