<?xml version="1.0" encoding="UTF-8"?>
<!-- Generated by org.testng.reporters.JUnitReportReporter -->
<testsuite skipped="0" hostname="PBLAP063" name="core.PhantomJS" tests="1" failures="0" timestamp="25 Jun 2018 05:19:01 GMT" time="9.968" errors="0">
  <testcase name="RunPhantom" time="9.968" classname="core.PhantomJS"/>
</testsuite> <!-- core.PhantomJS -->
